log4j:WARN No appenders could be found for logger (com.spotify.docker.client.DockerConfigReader).
log4j:WARN Please initialize the log4j system properly.
2021-10-13 11:03:48 Loading updated app package /home/heitzig/.config/obsidian/obsidian-0.12.15.asar
2021-10-13 11:03:48 Checking for update using Github
2021-10-13 11:03:49 Success.
2021-10-13 11:03:49 Latest version is 0.12.15
2021-10-13 11:03:49 App is up to date.
2021-10-13 12:03:48 Checking for update using Github
2021-10-13 12:03:48 Success.
2021-10-13 12:03:48 Latest version is 0.12.15
2021-10-13 12:03:48 App is up to date.
2021-10-13 13:03:48 Checking for update using Github
2021-10-13 13:03:48 Success.
2021-10-13 13:03:48 Latest version is 0.12.15
2021-10-13 13:03:48 App is up to date.

(Eclipse:160685): Gtk-CRITICAL **: 15:39:00.193: gtk_box_gadget_distribute: assertion 'size >= 0' failed in GtkScrollbar

(Eclipse:160685): Gtk-CRITICAL **: 15:39:00.212: gtk_box_gadget_distribute: assertion 'size >= 0' failed in GtkScrollbar

(Eclipse:160685): Gtk-CRITICAL **: 15:39:00.225: gtk_box_gadget_distribute: assertion 'size >= 0' failed in GtkScrollbar

(Eclipse:160685): Gtk-CRITICAL **: 15:39:00.239: gtk_box_gadget_distribute: assertion 'size >= 0' failed in GtkScrollbar

(Eclipse:160685): Gtk-CRITICAL **: 15:39:00.255: gtk_box_gadget_distribute: assertion 'size >= 0' failed in GtkScrollbar

(Eclipse:160685): Gtk-CRITICAL **: 15:39:00.272: gtk_box_gadget_distribute: assertion 'size >= 0' failed in GtkScrollbar

(Eclipse:160685): Gtk-CRITICAL **: 15:39:00.288: gtk_box_gadget_distribute: assertion 'size >= 0' failed in GtkScrollbar

(Eclipse:160685): Gtk-CRITICAL **: 15:39:00.312: gtk_box_gadget_distribute: assertion 'size >= 0' failed in GtkScrollbar

(Eclipse:160685): Gtk-CRITICAL **: 15:39:00.334: gtk_box_gadget_distribute: assertion 'size >= 0' failed in GtkScrollbar

(Eclipse:160685): Gtk-CRITICAL **: 15:39:00.361: gtk_box_gadget_distribute: assertion 'size >= 0' failed in GtkScrollbar

(Eclipse:160685): Gtk-CRITICAL **: 15:39:00.396: gtk_box_gadget_distribute: assertion 'size >= 0' failed in GtkScrollbar

(Eclipse:160685): Gtk-CRITICAL **: 15:39:00.429: gtk_box_gadget_distribute: assertion 'size >= 0' failed in GtkScrollbar

(Eclipse:160685): Gtk-CRITICAL **: 15:39:00.737: gtk_box_gadget_distribute: assertion 'size >= 0' failed in GtkScrollbar
